mode: atomic
github.com/steadybit/extension-container/pkg/extcontainer/action_network.go:89.60,91.2 1 0
github.com/steadybit/extension-container/pkg/extcontainer/action_network.go:93.69,95.2 1 0
github.com/steadybit/extension-container/pkg/extcontainer/action_network.go:97.169,99.27 2 0
github.com/steadybit/extension-container/pkg/extcontainer/action_network.go:99.27,101.3 1 0
github.com/steadybit/extension-container/pkg/extcontainer/action_network.go:103.2,103.98 1 0
github.com/steadybit/extension-container/pkg/extcontainer/action_network.go:103.98,105.17 2 0
github.com/steadybit/extension-container/pkg/extcontainer/action_network.go:105.17,107.4 1 0
github.com/steadybit/extension-container/pkg/extcontainer/action_network.go:108.3,108.21 1 0
github.com/steadybit/extension-container/pkg/extcontainer/action_network.go:108.21,115.4 1 0
github.com/steadybit/extension-container/pkg/extcontainer/action_network.go:118.2,119.16 2 0
github.com/steadybit/extension-container/pkg/extcontainer/action_network.go:119.16,121.3 1 0
github.com/steadybit/extension-container/pkg/extcontainer/action_network.go:123.2,124.16 2 0
github.com/steadybit/extension-container/pkg/extcontainer/action_network.go:124.16,126.3 1 0
github.com/steadybit/extension-container/pkg/extcontainer/action_network.go:128.2,130.17 3 0
github.com/steadybit/extension-container/pkg/extcontainer/action_network.go:133.95,135.16 2 0
github.com/steadybit/extension-container/pkg/extcontainer/action_network.go:135.16,137.3 1 0
github.com/steadybit/extension-container/pkg/extcontainer/action_network.go:138.2,138.53 1 0
github.com/steadybit/extension-container/pkg/extcontainer/action_network.go:141.116,143.16 2 0
github.com/steadybit/extension-container/pkg/extcontainer/action_network.go:143.16,145.3 1 0
github.com/steadybit/extension-container/pkg/extcontainer/action_network.go:147.2,148.16 2 0
github.com/steadybit/extension-container/pkg/extcontainer/action_network.go:148.16,150.3 1 0
github.com/steadybit/extension-container/pkg/extcontainer/action_network.go:152.2,159.8 1 0
github.com/steadybit/extension-container/pkg/extcontainer/action_network.go:163.114,165.16 2 0
github.com/steadybit/extension-container/pkg/extcontainer/action_network.go:165.16,167.3 1 0
github.com/steadybit/extension-container/pkg/extcontainer/action_network.go:169.2,170.16 2 0
github.com/steadybit/extension-container/pkg/extcontainer/action_network.go:170.16,172.3 1 0
github.com/steadybit/extension-container/pkg/extcontainer/action_network.go:174.2,174.17 1 0
github.com/steadybit/extension-container/pkg/extcontainer/action_network.go:177.65,178.16 1 0
github.com/steadybit/extension-container/pkg/extcontainer/action_network.go:178.16,180.3 1 0
github.com/steadybit/extension-container/pkg/extcontainer/action_network.go:182.2,184.24 2 0
github.com/steadybit/extension-container/pkg/extcontainer/action_network.go:184.24,186.17 2 0
github.com/steadybit/extension-container/pkg/extcontainer/action_network.go:186.17,188.4 1 0
github.com/steadybit/extension-container/pkg/extcontainer/action_network.go:189.3,189.29 1 0
github.com/steadybit/extension-container/pkg/extcontainer/action_network.go:192.2,192.20 1 0
github.com/steadybit/extension-container/pkg/extcontainer/action_network.go:195.134,201.16 3 0
github.com/steadybit/extension-container/pkg/extcontainer/action_network.go:201.16,203.3 1 0
github.com/steadybit/extension-container/pkg/extcontainer/action_network.go:204.2,204.28 1 0
github.com/steadybit/extension-container/pkg/extcontainer/action_network.go:204.28,207.3 1 0
github.com/steadybit/extension-container/pkg/extcontainer/action_network.go:209.2,210.16 2 0
github.com/steadybit/extension-container/pkg/extcontainer/action_network.go:210.16,212.3 1 0
github.com/steadybit/extension-container/pkg/extcontainer/action_network.go:213.2,213.26 1 0
github.com/steadybit/extension-container/pkg/extcontainer/action_network.go:213.26,216.3 1 0
github.com/steadybit/extension-container/pkg/extcontainer/action_network.go:218.2,236.8 3 0
github.com/steadybit/extension-container/pkg/extcontainer/action_network.go:239.109,242.16 3 0
github.com/steadybit/extension-container/pkg/extcontainer/action_network.go:242.16,244.3 1 0
github.com/steadybit/extension-container/pkg/extcontainer/action_network.go:246.2,247.16 2 0
github.com/steadybit/extension-container/pkg/extcontainer/action_network.go:247.16,249.3 1 0
github.com/steadybit/extension-container/pkg/extcontainer/action_network.go:251.2,252.19 2 0
github.com/steadybit/extension-container/pkg/extcontainer/action_network.go:252.19,254.3 1 0
github.com/steadybit/extension-container/pkg/extcontainer/action_network.go:254.8,255.19 1 0
github.com/steadybit/extension-container/pkg/extcontainer/action_network.go:256.16,257.14 1 0
github.com/steadybit/extension-container/pkg/extcontainer/action_network.go:258.11,259.13 1 0
github.com/steadybit/extension-container/pkg/extcontainer/action_network.go:263.2,263.23 1 0
github.com/steadybit/extension-container/pkg/extcontainer/action_network_blackhole.go:18.99,25.2 1 0
github.com/steadybit/extension-container/pkg/extcontainer/action_network_blackhole.go:27.72,43.2 1 0
github.com/steadybit/extension-container/pkg/extcontainer/action_network_blackhole.go:45.49,46.106 1 0
github.com/steadybit/extension-container/pkg/extcontainer/action_network_blackhole.go:46.106,50.17 3 0
github.com/steadybit/extension-container/pkg/extcontainer/action_network_blackhole.go:50.17,52.4 1 0
github.com/steadybit/extension-container/pkg/extcontainer/action_network_blackhole.go:54.3,54.53 1 0
github.com/steadybit/extension-container/pkg/extcontainer/action_network_blackhole.go:58.66,62.2 3 0
github.com/steadybit/extension-container/pkg/extcontainer/action_network_delay.go:19.95,26.2 1 0
github.com/steadybit/extension-container/pkg/extcontainer/action_network_delay.go:28.68,61.2 1 0
github.com/steadybit/extension-container/pkg/extcontainer/action_network_delay.go:63.45,64.106 1 0
github.com/steadybit/extension-container/pkg/extcontainer/action_network_delay.go:64.106,70.16 5 0
github.com/steadybit/extension-container/pkg/extcontainer/action_network_delay.go:70.16,72.4 1 0
github.com/steadybit/extension-container/pkg/extcontainer/action_network_delay.go:74.3,75.17 2 0
github.com/steadybit/extension-container/pkg/extcontainer/action_network_delay.go:75.17,77.4 1 0
github.com/steadybit/extension-container/pkg/extcontainer/action_network_delay.go:79.3,83.9 1 0
github.com/steadybit/extension-container/pkg/extcontainer/action_network_delay.go:87.62,91.2 3 0
github.com/steadybit/extension-container/pkg/extcontainer/action_pause.go:29.91,33.2 1 0
github.com/steadybit/extension-container/pkg/extcontainer/action_pause.go:35.56,37.2 1 0
github.com/steadybit/extension-container/pkg/extcontainer/action_pause.go:39.67,66.2 1 0
github.com/steadybit/extension-container/pkg/extcontainer/action_pause.go:68.163,70.27 2 0
github.com/steadybit/extension-container/pkg/extcontainer/action_pause.go:70.27,72.3 1 0
github.com/steadybit/extension-container/pkg/extcontainer/action_pause.go:74.2,75.17 2 0
github.com/steadybit/extension-container/pkg/extcontainer/action_pause.go:78.112,80.16 2 0
github.com/steadybit/extension-container/pkg/extcontainer/action_pause.go:80.16,82.3 1 0
github.com/steadybit/extension-container/pkg/extcontainer/action_pause.go:83.2,90.8 1 0
github.com/steadybit/extension-container/pkg/extcontainer/action_pause.go:93.110,95.16 2 0
github.com/steadybit/extension-container/pkg/extcontainer/action_pause.go:95.16,97.3 1 0
github.com/steadybit/extension-container/pkg/extcontainer/action_pause.go:99.2,106.8 1 0
github.com/steadybit/extension-container/pkg/extcontainer/action_stop.go:40.89,45.2 1 0
github.com/steadybit/extension-container/pkg/extcontainer/action_stop.go:47.54,49.2 1 0
github.com/steadybit/extension-container/pkg/extcontainer/action_stop.go:51.66,83.2 1 0
github.com/steadybit/extension-container/pkg/extcontainer/action_stop.go:85.161,87.27 2 0
github.com/steadybit/extension-container/pkg/extcontainer/action_stop.go:87.27,89.3 1 0
github.com/steadybit/extension-container/pkg/extcontainer/action_stop.go:91.2,92.21 2 0
github.com/steadybit/extension-container/pkg/extcontainer/action_stop.go:92.21,94.3 1 0
github.com/steadybit/extension-container/pkg/extcontainer/action_stop.go:96.2,99.17 4 0
github.com/steadybit/extension-container/pkg/extcontainer/action_stop.go:102.108,104.16 2 0
github.com/steadybit/extension-container/pkg/extcontainer/action_stop.go:104.16,106.3 1 0
github.com/steadybit/extension-container/pkg/extcontainer/action_stop.go:108.2,115.8 1 0
github.com/steadybit/extension-container/pkg/extcontainer/action_stop.go:118.110,121.16 3 0
github.com/steadybit/extension-container/pkg/extcontainer/action_stop.go:121.16,126.3 1 0
github.com/steadybit/extension-container/pkg/extcontainer/action_stop.go:126.8,126.22 1 0
github.com/steadybit/extension-container/pkg/extcontainer/action_stop.go:126.22,131.3 1 0
github.com/steadybit/extension-container/pkg/extcontainer/action_stop.go:133.2,136.8 1 0
github.com/steadybit/extension-container/pkg/extcontainer/action_stop.go:139.106,143.13 3 0
github.com/steadybit/extension-container/pkg/extcontainer/action_stop.go:143.13,148.3 1 0
github.com/steadybit/extension-container/pkg/extcontainer/action_stop.go:150.2,152.8 1 0
github.com/steadybit/extension-container/pkg/extcontainer/action_stop.go:155.100,167.12 4 0
github.com/steadybit/extension-container/pkg/extcontainer/action_stop.go:167.12,170.3 2 0
github.com/steadybit/extension-container/pkg/extcontainer/action_stop.go:172.2,172.9 1 0
github.com/steadybit/extension-container/pkg/extcontainer/action_stop.go:173.29,174.17 1 0
github.com/steadybit/extension-container/pkg/extcontainer/action_stop.go:174.17,176.4 1 0
github.com/steadybit/extension-container/pkg/extcontainer/action_stop.go:177.37,178.8 1 0
github.com/steadybit/extension-container/pkg/extcontainer/action_stop.go:180.2,180.12 1 0
github.com/steadybit/extension-container/pkg/extcontainer/action_stop.go:183.84,185.9 2 0
github.com/steadybit/extension-container/pkg/extcontainer/action_stop.go:185.9,187.3 1 0
github.com/steadybit/extension-container/pkg/extcontainer/action_stop.go:189.2,189.9 1 0
github.com/steadybit/extension-container/pkg/extcontainer/action_stop.go:190.28,192.19 2 0
github.com/steadybit/extension-container/pkg/extcontainer/action_stop.go:193.10,194.20 1 0
github.com/steadybit/extension-container/pkg/extcontainer/action_stop.go:198.70,200.9 2 0
github.com/steadybit/extension-container/pkg/extcontainer/action_stop.go:200.9,202.3 1 0
github.com/steadybit/extension-container/pkg/extcontainer/action_stop.go:204.2,206.13 3 0
github.com/steadybit/extension-container/pkg/extcontainer/action_stress.go:45.44,53.2 1 0
github.com/steadybit/extension-container/pkg/extcontainer/action_stress.go:55.58,57.2 1 0
github.com/steadybit/extension-container/pkg/extcontainer/action_stress.go:59.68,61.2 1 0
github.com/steadybit/extension-container/pkg/extcontainer/action_stress.go:63.165,65.27 2 0
github.com/steadybit/extension-container/pkg/extcontainer/action_stress.go:65.27,67.3 1 0
github.com/steadybit/extension-container/pkg/extcontainer/action_stress.go:69.2,70.16 2 0
github.com/steadybit/extension-container/pkg/extcontainer/action_stress.go:70.16,72.3 1 0
github.com/steadybit/extension-container/pkg/extcontainer/action_stress.go:74.2,77.17 4 0
github.com/steadybit/extension-container/pkg/extcontainer/action_stress.go:80.112,82.16 2 0
github.com/steadybit/extension-container/pkg/extcontainer/action_stress.go:82.16,84.3 1 0
github.com/steadybit/extension-container/pkg/extcontainer/action_stress.go:86.2,88.34 2 0
github.com/steadybit/extension-container/pkg/extcontainer/action_stress.go:88.34,90.3 1 0
github.com/steadybit/extension-container/pkg/extcontainer/action_stress.go:92.2,99.8 1 0
github.com/steadybit/extension-container/pkg/extcontainer/action_stress.go:102.114,105.16 3 0
github.com/steadybit/extension-container/pkg/extcontainer/action_stress.go:105.16,110.3 1 0
github.com/steadybit/extension-container/pkg/extcontainer/action_stress.go:110.8,110.22 1 0
github.com/steadybit/extension-container/pkg/extcontainer/action_stress.go:110.22,115.3 1 0
github.com/steadybit/extension-container/pkg/extcontainer/action_stress.go:117.2,120.8 1 0
github.com/steadybit/extension-container/pkg/extcontainer/action_stress.go:123.110,127.13 3 0
github.com/steadybit/extension-container/pkg/extcontainer/action_stress.go:127.13,132.3 1 0
github.com/steadybit/extension-container/pkg/extcontainer/action_stress.go:134.2,136.8 1 0
github.com/steadybit/extension-container/pkg/extcontainer/action_stress.go:139.79,141.9 2 0
github.com/steadybit/extension-container/pkg/extcontainer/action_stress.go:141.9,143.3 1 0
github.com/steadybit/extension-container/pkg/extcontainer/action_stress.go:145.2,145.9 1 0
github.com/steadybit/extension-container/pkg/extcontainer/action_stress.go:146.25,148.19 2 0
github.com/steadybit/extension-container/pkg/extcontainer/action_stress.go:149.10,150.20 1 0
github.com/steadybit/extension-container/pkg/extcontainer/action_stress.go:154.74,156.9 2 0
github.com/steadybit/extension-container/pkg/extcontainer/action_stress.go:156.9,158.3 1 0
github.com/steadybit/extension-container/pkg/extcontainer/action_stress.go:160.2,161.13 2 0
github.com/steadybit/extension-container/pkg/extcontainer/action_stress_cpu.go:18.112,20.2 1 0
github.com/steadybit/extension-container/pkg/extcontainer/action_stress_cpu.go:22.65,68.2 1 0
github.com/steadybit/extension-container/pkg/extcontainer/action_stress_cpu.go:70.92,76.2 1 0
github.com/steadybit/extension-container/pkg/extcontainer/action_stress_io.go:18.111,20.2 1 0
github.com/steadybit/extension-container/pkg/extcontainer/action_stress_io.go:22.64,77.2 1 0
github.com/steadybit/extension-container/pkg/extcontainer/action_stress_io.go:79.91,87.2 1 0
github.com/steadybit/extension-container/pkg/extcontainer/action_stress_memory.go:18.115,20.2 1 0
github.com/steadybit/extension-container/pkg/extcontainer/action_stress_memory.go:22.68,59.2 1 0
github.com/steadybit/extension-container/pkg/extcontainer/action_stress_memory.go:61.95,68.2 1 0
github.com/steadybit/extension-container/pkg/extcontainer/common.go:37.46,38.56 1 4
github.com/steadybit/extension-container/pkg/extcontainer/common.go:38.56,40.3 1 3
github.com/steadybit/extension-container/pkg/extcontainer/common.go:41.2,41.20 1 1
github.com/steadybit/extension-container/pkg/extcontainer/common.go:44.66,45.47 1 4
github.com/steadybit/extension-container/pkg/extcontainer/common.go:45.47,47.3 1 3
github.com/steadybit/extension-container/pkg/extcontainer/common.go:48.2,48.20 1 1
github.com/steadybit/extension-container/pkg/extcontainer/discovery.go:28.53,34.2 5 0
github.com/steadybit/extension-container/pkg/extcontainer/discovery.go:36.57,57.2 1 0
github.com/steadybit/extension-container/pkg/extcontainer/discovery.go:59.71,69.2 1 0
github.com/steadybit/extension-container/pkg/extcontainer/discovery.go:71.65,93.2 1 0
github.com/steadybit/extension-container/pkg/extcontainer/discovery.go:95.73,101.2 1 0
github.com/steadybit/extension-container/pkg/extcontainer/discovery.go:102.101,104.16 2 0
github.com/steadybit/extension-container/pkg/extcontainer/discovery.go:104.16,107.3 2 0
github.com/steadybit/extension-container/pkg/extcontainer/discovery.go:109.2,113.39 4 0
github.com/steadybit/extension-container/pkg/extcontainer/discovery.go:113.39,115.3 1 0
github.com/steadybit/extension-container/pkg/extcontainer/discovery.go:117.2,117.77 1 0
github.com/steadybit/extension-container/pkg/extcontainer/discovery.go:120.125,124.20 3 0
github.com/steadybit/extension-container/pkg/extcontainer/discovery.go:124.20,126.42 2 0
github.com/steadybit/extension-container/pkg/extcontainer/discovery.go:126.42,128.4 1 0
github.com/steadybit/extension-container/pkg/extcontainer/discovery.go:130.2,134.19 5 0
github.com/steadybit/extension-container/pkg/extcontainer/discovery.go:134.19,136.3 1 0
github.com/steadybit/extension-container/pkg/extcontainer/discovery.go:138.2,138.45 1 0
github.com/steadybit/extension-container/pkg/extcontainer/discovery.go:138.45,140.3 1 0
github.com/steadybit/extension-container/pkg/extcontainer/discovery.go:142.2,143.32 2 0
github.com/steadybit/extension-container/pkg/extcontainer/discovery.go:143.32,145.3 1 0
github.com/steadybit/extension-container/pkg/extcontainer/discovery.go:145.8,145.69 1 0
github.com/steadybit/extension-container/pkg/extcontainer/discovery.go:145.69,151.3 1 0
github.com/steadybit/extension-container/pkg/extcontainer/discovery.go:153.2,158.3 1 0
github.com/steadybit/extension-container/pkg/extcontainer/discovery.go:161.80,162.54 1 0
github.com/steadybit/extension-container/pkg/extcontainer/discovery.go:162.54,166.3 3 0
github.com/steadybit/extension-container/pkg/extcontainer/discovery.go:168.2,168.13 1 0
github.com/steadybit/extension-container/pkg/extcontainer/discovery.go:169.32,170.23 1 0
github.com/steadybit/extension-container/pkg/extcontainer/discovery.go:171.37,172.28 1 0
github.com/steadybit/extension-container/pkg/extcontainer/discovery.go:173.38,174.29 1 0
github.com/steadybit/extension-container/pkg/extcontainer/discovery.go:175.10,176.23 1 0
github.com/steadybit/extension-container/pkg/extcontainer/discovery.go:179.2,179.50 1 0
github.com/steadybit/extension-container/pkg/extcontainer/utils.go:3.40,4.14 1 0
github.com/steadybit/extension-container/pkg/extcontainer/utils.go:4.14,6.3 1 0
github.com/steadybit/extension-container/pkg/extcontainer/utils.go:8.2,9.38 2 0
github.com/steadybit/extension-container/pkg/extcontainer/utils.go:9.38,11.3 1 0
github.com/steadybit/extension-container/pkg/extcontainer/utils.go:12.2,12.16 1 0
github.com/steadybit/extension-container/pkg/extcontainer/utils.go:15.36,16.14 1 0
github.com/steadybit/extension-container/pkg/extcontainer/utils.go:16.14,18.3 1 0
github.com/steadybit/extension-container/pkg/extcontainer/utils.go:20.2,22.22 3 0
github.com/steadybit/extension-container/pkg/extcontainer/utils.go:22.22,23.15 1 0
github.com/steadybit/extension-container/pkg/extcontainer/utils.go:23.15,26.4 2 0
github.com/steadybit/extension-container/pkg/extcontainer/utils.go:28.2,28.13 1 0
github.com/steadybit/extension-container/e2e/extension.go:35.90,37.16 2 3
github.com/steadybit/extension-container/e2e/extension.go:37.16,39.3 1 0
github.com/steadybit/extension-container/e2e/extension.go:40.2,40.40 1 3
github.com/steadybit/extension-container/e2e/extension.go:40.40,41.31 1 3
github.com/steadybit/extension-container/e2e/extension.go:41.31,43.4 1 3
github.com/steadybit/extension-container/e2e/extension.go:45.2,45.61 1 0
github.com/steadybit/extension-container/e2e/extension.go:48.124,50.16 2 26
github.com/steadybit/extension-container/e2e/extension.go:50.16,52.3 1 0
github.com/steadybit/extension-container/e2e/extension.go:53.2,53.33 1 26
github.com/steadybit/extension-container/e2e/extension.go:53.33,54.28 1 104
github.com/steadybit/extension-container/e2e/extension.go:54.28,56.4 1 26
github.com/steadybit/extension-container/e2e/extension.go:58.2,58.58 1 0
github.com/steadybit/extension-container/e2e/extension.go:61.80,64.16 3 3
github.com/steadybit/extension-container/e2e/extension.go:64.16,66.3 1 0
github.com/steadybit/extension-container/e2e/extension.go:67.2,67.22 1 3
github.com/steadybit/extension-container/e2e/extension.go:67.22,69.3 1 0
github.com/steadybit/extension-container/e2e/extension.go:70.2,70.18 1 3
github.com/steadybit/extension-container/e2e/extension.go:73.93,75.16 2 3
github.com/steadybit/extension-container/e2e/extension.go:75.16,77.3 1 0
github.com/steadybit/extension-container/e2e/extension.go:79.2,80.45 2 3
github.com/steadybit/extension-container/e2e/extension.go:80.45,82.17 2 3
github.com/steadybit/extension-container/e2e/extension.go:82.17,84.4 1 0
github.com/steadybit/extension-container/e2e/extension.go:85.3,85.49 1 3
github.com/steadybit/extension-container/e2e/extension.go:87.2,87.25 1 3
github.com/steadybit/extension-container/e2e/extension.go:90.143,93.16 3 3
github.com/steadybit/extension-container/e2e/extension.go:93.16,95.3 1 0
github.com/steadybit/extension-container/e2e/extension.go:96.2,96.22 1 3
github.com/steadybit/extension-container/e2e/extension.go:96.22,98.3 1 0
github.com/steadybit/extension-container/e2e/extension.go:99.2,99.25 1 3
github.com/steadybit/extension-container/e2e/extension.go:102.123,105.16 3 3
github.com/steadybit/extension-container/e2e/extension.go:105.16,107.3 1 0
github.com/steadybit/extension-container/e2e/extension.go:108.2,108.22 1 3
github.com/steadybit/extension-container/e2e/extension.go:108.22,110.3 1 0
github.com/steadybit/extension-container/e2e/extension.go:111.2,111.29 1 3
github.com/steadybit/extension-container/e2e/extension.go:114.70,117.16 3 26
github.com/steadybit/extension-container/e2e/extension.go:117.16,119.3 1 0
github.com/steadybit/extension-container/e2e/extension.go:120.2,120.22 1 26
github.com/steadybit/extension-container/e2e/extension.go:120.22,122.3 1 0
github.com/steadybit/extension-container/e2e/extension.go:123.2,123.18 1 26
github.com/steadybit/extension-container/e2e/extension.go:126.83,128.16 2 26
github.com/steadybit/extension-container/e2e/extension.go:128.16,130.3 1 0
github.com/steadybit/extension-container/e2e/extension.go:132.2,133.38 2 26
github.com/steadybit/extension-container/e2e/extension.go:133.38,135.17 2 182
github.com/steadybit/extension-container/e2e/extension.go:135.17,137.4 1 0
github.com/steadybit/extension-container/e2e/extension.go:138.3,138.41 1 182
github.com/steadybit/extension-container/e2e/extension.go:140.2,140.21 1 26
github.com/steadybit/extension-container/e2e/extension.go:143.129,146.16 3 182
github.com/steadybit/extension-container/e2e/extension.go:146.16,148.3 1 0
github.com/steadybit/extension-container/e2e/extension.go:149.2,149.22 1 182
github.com/steadybit/extension-container/e2e/extension.go:149.22,151.3 1 0
github.com/steadybit/extension-container/e2e/extension.go:152.2,152.25 1 182
github.com/steadybit/extension-container/e2e/extension.go:160.40,162.2 1 5
github.com/steadybit/extension-container/e2e/extension.go:164.42,167.2 2 17
github.com/steadybit/extension-container/e2e/extension.go:169.149,173.16 3 26
github.com/steadybit/extension-container/e2e/extension.go:173.16,175.3 1 0
github.com/steadybit/extension-container/e2e/extension.go:176.2,182.16 3 26
github.com/steadybit/extension-container/e2e/extension.go:182.16,183.25 1 0
github.com/steadybit/extension-container/e2e/extension.go:183.25,185.4 1 0
github.com/steadybit/extension-container/e2e/extension.go:186.3,186.18 1 0
github.com/steadybit/extension-container/e2e/extension.go:188.2,195.18 5 26
github.com/steadybit/extension-container/e2e/extension.go:195.18,197.3 1 23
github.com/steadybit/extension-container/e2e/extension.go:197.8,199.3 1 3
github.com/steadybit/extension-container/e2e/extension.go:200.2,200.12 1 26
github.com/steadybit/extension-container/e2e/extension.go:200.12,204.27 3 26
github.com/steadybit/extension-container/e2e/extension.go:204.27,206.4 1 26
github.com/steadybit/extension-container/e2e/extension.go:206.9,208.4 1 0
github.com/steadybit/extension-container/e2e/extension.go:210.3,210.25 1 26
github.com/steadybit/extension-container/e2e/extension.go:210.25,212.22 2 26
github.com/steadybit/extension-container/e2e/extension.go:212.22,214.5 1 3
github.com/steadybit/extension-container/e2e/extension.go:214.10,216.5 1 23
github.com/steadybit/extension-container/e2e/extension.go:217.9,219.4 1 0
github.com/steadybit/extension-container/e2e/extension.go:221.3,222.12 2 23
github.com/steadybit/extension-container/e2e/extension.go:225.2,228.8 1 26
github.com/steadybit/extension-container/e2e/extension.go:231.200,237.75 3 26
github.com/steadybit/extension-container/e2e/extension.go:237.75,239.3 1 0
github.com/steadybit/extension-container/e2e/extension.go:241.2,241.51 1 26
github.com/steadybit/extension-container/e2e/extension.go:241.51,243.3 1 23
github.com/steadybit/extension-container/e2e/extension.go:245.2,247.16 3 26
github.com/steadybit/extension-container/e2e/extension.go:247.16,249.3 1 0
github.com/steadybit/extension-container/e2e/extension.go:250.2,251.22 2 26
github.com/steadybit/extension-container/e2e/extension.go:251.22,253.3 1 0
github.com/steadybit/extension-container/e2e/extension.go:254.2,254.32 1 26
github.com/steadybit/extension-container/e2e/extension.go:254.32,256.3 1 0
github.com/steadybit/extension-container/e2e/extension.go:258.2,258.43 1 26
github.com/steadybit/extension-container/e2e/extension.go:261.167,268.16 4 26
github.com/steadybit/extension-container/e2e/extension.go:268.16,270.3 1 0
github.com/steadybit/extension-container/e2e/extension.go:271.2,272.22 2 26
github.com/steadybit/extension-container/e2e/extension.go:272.22,274.3 1 0
github.com/steadybit/extension-container/e2e/extension.go:275.2,275.30 1 26
github.com/steadybit/extension-container/e2e/extension.go:275.30,277.3 1 26
github.com/steadybit/extension-container/e2e/extension.go:278.2,278.19 1 26
github.com/steadybit/extension-container/e2e/extension.go:281.189,283.16 2 26
github.com/steadybit/extension-container/e2e/extension.go:283.16,285.3 1 0
github.com/steadybit/extension-container/e2e/extension.go:287.2,287.6 1 26
github.com/steadybit/extension-container/e2e/extension.go:287.6,288.10 1 52
github.com/steadybit/extension-container/e2e/extension.go:289.21,290.21 1 23
github.com/steadybit/extension-container/e2e/extension.go:291.31,298.18 4 29
github.com/steadybit/extension-container/e2e/extension.go:298.18,300.5 1 0
github.com/steadybit/extension-container/e2e/extension.go:301.4,302.24 2 29
github.com/steadybit/extension-container/e2e/extension.go:302.24,304.5 1 0
github.com/steadybit/extension-container/e2e/extension.go:305.4,305.33 1 29
github.com/steadybit/extension-container/e2e/extension.go:305.33,307.5 1 29
github.com/steadybit/extension-container/e2e/extension.go:308.4,308.33 1 29
github.com/steadybit/extension-container/e2e/extension.go:308.33,310.5 1 0
github.com/steadybit/extension-container/e2e/extension.go:312.4,313.30 2 29
github.com/steadybit/extension-container/e2e/extension.go:313.30,315.5 1 3
github.com/steadybit/extension-container/e2e/extension.go:320.136,327.16 4 26
github.com/steadybit/extension-container/e2e/extension.go:327.16,329.3 1 3
github.com/steadybit/extension-container/e2e/extension.go:330.2,331.22 2 23
github.com/steadybit/extension-container/e2e/extension.go:331.22,333.3 1 0
github.com/steadybit/extension-container/e2e/extension.go:334.2,334.29 1 23
github.com/steadybit/extension-container/e2e/extension.go:334.29,336.3 1 0
github.com/steadybit/extension-container/e2e/extension.go:337.2,337.12 1 23
github.com/steadybit/extension-container/e2e/extension.go:340.53,341.21 1 104
github.com/steadybit/extension-container/e2e/extension.go:341.21,343.3 1 65
github.com/steadybit/extension-container/e2e/extension.go:344.2,344.32 1 39
github.com/steadybit/extension-container/e2e/extension.go:344.32,346.23 2 39
github.com/steadybit/extension-container/e2e/extension.go:346.23,348.4 1 39
github.com/steadybit/extension-container/e2e/extension.go:349.3,349.31 1 39
github.com/steadybit/extension-container/e2e/extension.go:349.31,351.4 1 0
github.com/steadybit/extension-container/e2e/extension.go:353.3,354.24 2 39
github.com/steadybit/extension-container/e2e/extension.go:354.24,356.4 1 0
github.com/steadybit/extension-container/e2e/extension.go:357.3,357.22 1 39
github.com/steadybit/extension-container/e2e/extension.go:357.22,359.4 1 0
github.com/steadybit/extension-container/e2e/extension.go:360.3,360.25 1 39
github.com/steadybit/extension-container/e2e/extension.go:364.75,367.50 2 3
github.com/steadybit/extension-container/e2e/extension.go:367.50,369.3 1 0
github.com/steadybit/extension-container/e2e/extension.go:372.2,483.16 2 3
github.com/steadybit/extension-container/e2e/extension.go:483.16,485.3 1 0
github.com/steadybit/extension-container/e2e/extension.go:487.2,487.23 1 3
github.com/steadybit/extension-container/e2e/extension.go:487.23,489.3 1 3
github.com/steadybit/extension-container/e2e/extension.go:491.2,497.33 6 3
github.com/steadybit/extension-container/e2e/extension.go:497.33,499.3 1 0
github.com/steadybit/extension-container/e2e/extension.go:500.2,504.52 4 3
github.com/steadybit/extension-container/e2e/extension.go:507.49,513.34 5 1
github.com/steadybit/extension-container/e2e/extension.go:513.34,515.3 1 0
github.com/steadybit/extension-container/e2e/extension.go:516.2,516.60 1 1
github.com/steadybit/extension-container/e2e/minikube.go:46.51,57.2 4 3
github.com/steadybit/extension-container/e2e/minikube.go:59.34,64.26 4 3
github.com/steadybit/extension-container/e2e/minikube.go:64.26,66.3 1 1
github.com/steadybit/extension-container/e2e/minikube.go:68.2,68.49 1 3
github.com/steadybit/extension-container/e2e/minikube.go:68.49,70.3 1 0
github.com/steadybit/extension-container/e2e/minikube.go:72.2,72.12 1 3
github.com/steadybit/extension-container/e2e/minikube.go:75.51,76.21 1 422
github.com/steadybit/extension-container/e2e/minikube.go:76.21,77.26 1 3
github.com/steadybit/extension-container/e2e/minikube.go:77.26,79.18 2 3
github.com/steadybit/extension-container/e2e/minikube.go:79.18,81.5 1 0
github.com/steadybit/extension-container/e2e/minikube.go:82.4,83.27 2 3
github.com/steadybit/extension-container/e2e/minikube.go:86.2,86.17 1 422
github.com/steadybit/extension-container/e2e/minikube.go:89.42,90.27 1 9
github.com/steadybit/extension-container/e2e/minikube.go:90.27,92.3 1 0
github.com/steadybit/extension-container/e2e/minikube.go:93.2,93.23 1 9
github.com/steadybit/extension-container/e2e/minikube.go:96.44,98.2 1 12
github.com/steadybit/extension-container/e2e/minikube.go:100.57,104.6 3 3
github.com/steadybit/extension-container/e2e/minikube.go:104.6,105.10 1 59
github.com/steadybit/extension-container/e2e/minikube.go:106.21,107.69 1 0
github.com/steadybit/extension-container/e2e/minikube.go:108.45,109.134 1 59
github.com/steadybit/extension-container/e2e/minikube.go:109.134,111.5 1 3
github.com/steadybit/extension-container/e2e/minikube.go:116.35,120.2 3 6
github.com/steadybit/extension-container/e2e/minikube.go:122.46,124.2 1 0
github.com/steadybit/extension-container/e2e/minikube.go:126.50,128.2 1 18
github.com/steadybit/extension-container/e2e/minikube.go:130.50,132.2 1 3
github.com/steadybit/extension-container/e2e/minikube.go:134.53,136.2 1 30
github.com/steadybit/extension-container/e2e/minikube.go:138.81,143.2 4 62
github.com/steadybit/extension-container/e2e/minikube.go:150.93,156.12 5 1
github.com/steadybit/extension-container/e2e/minikube.go:156.12,158.17 2 1
github.com/steadybit/extension-container/e2e/minikube.go:158.17,160.4 1 0
github.com/steadybit/extension-container/e2e/minikube.go:161.3,162.12 2 1
github.com/steadybit/extension-container/e2e/minikube.go:165.2,165.35 1 1
github.com/steadybit/extension-container/e2e/minikube.go:165.35,166.45 1 3
github.com/steadybit/extension-container/e2e/minikube.go:166.45,171.18 4 3
github.com/steadybit/extension-container/e2e/minikube.go:171.18,173.5 1 0
github.com/steadybit/extension-container/e2e/minikube.go:174.4,174.17 1 3
github.com/steadybit/extension-container/e2e/minikube.go:174.17,174.42 1 3
github.com/steadybit/extension-container/e2e/minikube.go:176.4,178.66 2 3
github.com/steadybit/extension-container/e2e/minikube.go:178.66,180.5 1 0
github.com/steadybit/extension-container/e2e/minikube.go:182.4,185.17 4 3
github.com/steadybit/extension-container/e2e/minikube.go:185.17,185.41 1 3
github.com/steadybit/extension-container/e2e/minikube.go:187.4,187.33 1 3
github.com/steadybit/extension-container/e2e/minikube.go:187.33,188.39 1 24
github.com/steadybit/extension-container/e2e/minikube.go:188.39,190.6 1 24
github.com/steadybit/extension-container/e2e/minikube.go:196.90,201.16 2 3
github.com/steadybit/extension-container/e2e/minikube.go:201.16,203.3 1 0
github.com/steadybit/extension-container/e2e/minikube.go:205.2,206.28 2 3
github.com/steadybit/extension-container/e2e/minikube.go:214.59,217.29 3 168
github.com/steadybit/extension-container/e2e/minikube.go:217.29,220.17 3 285
github.com/steadybit/extension-container/e2e/minikube.go:220.17,222.4 1 0
github.com/steadybit/extension-container/e2e/minikube.go:224.2,224.20 1 168
github.com/steadybit/extension-container/e2e/minikube.go:232.33,234.2 1 32
github.com/steadybit/extension-container/e2e/minikube.go:236.84,238.16 2 32
github.com/steadybit/extension-container/e2e/minikube.go:238.16,240.3 1 0
github.com/steadybit/extension-container/e2e/minikube.go:242.2,249.8 4 32
github.com/steadybit/extension-container/e2e/minikube.go:252.81,257.16 5 32
github.com/steadybit/extension-container/e2e/minikube.go:257.16,260.3 2 0
github.com/steadybit/extension-container/e2e/minikube.go:262.2,263.23 2 32
github.com/steadybit/extension-container/e2e/minikube.go:263.23,265.7 2 32
github.com/steadybit/extension-container/e2e/minikube.go:265.7,266.23 1 64
github.com/steadybit/extension-container/e2e/minikube.go:266.23,268.5 1 0
github.com/steadybit/extension-container/e2e/minikube.go:269.4,271.39 3 64
github.com/steadybit/extension-container/e2e/minikube.go:271.39,274.5 2 32
github.com/steadybit/extension-container/e2e/minikube.go:278.2,279.16 2 32
github.com/steadybit/extension-container/e2e/minikube.go:279.16,282.3 2 0
github.com/steadybit/extension-container/e2e/minikube.go:284.2,285.12 2 32
github.com/steadybit/extension-container/e2e/minikube.go:285.12,285.35 1 32
github.com/steadybit/extension-container/e2e/minikube.go:287.2,287.9 1 32
github.com/steadybit/extension-container/e2e/minikube.go:288.22,289.26 1 32
github.com/steadybit/extension-container/e2e/minikube.go:290.38,292.60 2 0
github.com/steadybit/extension-container/e2e/minikube.go:293.21,295.66 2 0
github.com/steadybit/extension-container/e2e/utils.go:31.109,36.6 4 9
github.com/steadybit/extension-container/e2e/utils.go:36.6,37.10 1 9
github.com/steadybit/extension-container/e2e/utils.go:38.21,40.10 2 0
github.com/steadybit/extension-container/e2e/utils.go:42.45,67.60 7 9
github.com/steadybit/extension-container/e2e/utils.go:67.60,69.46 2 27
github.com/steadybit/extension-container/e2e/utils.go:69.46,71.6 1 9
github.com/steadybit/extension-container/e2e/utils.go:73.4,73.30 1 0
github.com/steadybit/extension-container/e2e/utils.go:78.107,83.6 4 27
github.com/steadybit/extension-container/e2e/utils.go:83.6,84.10 1 271
github.com/steadybit/extension-container/e2e/utils.go:85.21,86.127 1 0
github.com/steadybit/extension-container/e2e/utils.go:87.45,89.45 2 271
github.com/steadybit/extension-container/e2e/utils.go:89.45,91.5 1 27
github.com/steadybit/extension-container/e2e/utils.go:92.4,92.31 1 244
github.com/steadybit/extension-container/e2e/utils.go:97.112,99.16 2 21
github.com/steadybit/extension-container/e2e/utils.go:99.16,101.3 1 0
github.com/steadybit/extension-container/e2e/utils.go:103.2,103.52 1 21
github.com/steadybit/extension-container/e2e/utils.go:103.52,104.35 1 21
github.com/steadybit/extension-container/e2e/utils.go:104.35,106.4 1 21
github.com/steadybit/extension-container/e2e/utils.go:108.2,108.17 1 0
github.com/steadybit/extension-container/e2e/utils.go:111.75,134.2 2 17
github.com/steadybit/extension-container/e2e/utils.go:136.73,164.2 2 4
github.com/steadybit/extension-container/e2e/utils.go:166.100,188.16 3 4
github.com/steadybit/extension-container/e2e/utils.go:188.16,190.3 1 0
github.com/steadybit/extension-container/e2e/utils.go:191.2,191.37 1 4
github.com/steadybit/extension-container/e2e/utils.go:194.62,195.20 1 4
github.com/steadybit/extension-container/e2e/utils.go:195.20,197.3 1 0
github.com/steadybit/extension-container/e2e/utils.go:198.2,198.174 1 4
github.com/steadybit/extension-container/e2e/utils.go:201.67,203.16 2 32
github.com/steadybit/extension-container/e2e/utils.go:203.16,205.3 1 0
github.com/steadybit/extension-container/e2e/utils.go:206.2,209.16 3 32
github.com/steadybit/extension-container/e2e/utils.go:209.16,211.3 1 4
github.com/steadybit/extension-container/e2e/utils.go:213.2,213.12 1 28
github.com/steadybit/extension-container/e2e/utils.go:216.88,218.16 2 21
github.com/steadybit/extension-container/e2e/utils.go:218.16,220.3 1 0
github.com/steadybit/extension-container/e2e/utils.go:221.2,221.102 1 21
github.com/steadybit/extension-container/e2e/utils.go:221.102,223.3 1 0
github.com/steadybit/extension-container/e2e/utils.go:224.2,224.37 1 21
github.com/steadybit/extension-container/e2e/utils.go:227.54,228.16 1 21
github.com/steadybit/extension-container/e2e/utils.go:228.16,230.3 1 0
github.com/steadybit/extension-container/e2e/utils.go:231.2,231.162 1 21
github.com/steadybit/extension-container/e2e/utils.go:234.109,239.6 4 4
github.com/steadybit/extension-container/e2e/utils.go:239.6,240.10 1 18
github.com/steadybit/extension-container/e2e/utils.go:241.21,242.114 1 0
github.com/steadybit/extension-container/e2e/utils.go:243.45,245.18 2 18
github.com/steadybit/extension-container/e2e/utils.go:245.18,247.5 1 0
github.com/steadybit/extension-container/e2e/utils.go:247.10,248.31 1 18
github.com/steadybit/extension-container/e2e/utils.go:248.31,250.6 1 4
github.com/steadybit/extension-container/e2e/utils.go:256.94,257.65 1 18
github.com/steadybit/extension-container/e2e/utils.go:257.65,261.35 4 9
github.com/steadybit/extension-container/e2e/utils.go:261.35,263.4 1 0
github.com/steadybit/extension-container/e2e/utils.go:264.3,264.47 1 9
github.com/steadybit/extension-container/e2e/utils.go:267.2,267.69 1 9
github.com/steadybit/extension-container/e2e/utils.go:267.69,271.35 4 9
github.com/steadybit/extension-container/e2e/utils.go:271.35,273.4 1 0
github.com/steadybit/extension-container/e2e/utils.go:275.3,275.59 1 9
github.com/steadybit/extension-container/e2e/utils.go:275.59,277.79 2 103
github.com/steadybit/extension-container/e2e/utils.go:277.79,279.5 1 9
github.com/steadybit/extension-container/e2e/utils.go:281.3,281.65 1 0
github.com/steadybit/extension-container/e2e/utils.go:284.2,284.56 1 0
github.com/steadybit/extension-container/e2e/utils.go:287.143,289.6 2 3
github.com/steadybit/extension-container/e2e/utils.go:289.6,290.10 1 3
github.com/steadybit/extension-container/e2e/utils.go:291.21,292.106 1 0
github.com/steadybit/extension-container/e2e/utils.go:293.45,295.18 2 3
github.com/steadybit/extension-container/e2e/utils.go:295.18,297.13 2 0
github.com/steadybit/extension-container/e2e/utils.go:299.4,299.35 1 3
github.com/steadybit/extension-container/e2e/utils.go:299.35,300.26 1 11
github.com/steadybit/extension-container/e2e/utils.go:300.26,302.6 1 3
github.com/steadybit/extension-container/e2e/utils.go:308.76,309.43 1 11
github.com/steadybit/extension-container/e2e/utils.go:309.43,310.17 1 11
github.com/steadybit/extension-container/e2e/utils.go:310.17,312.4 1 3
github.com/steadybit/extension-container/e2e/utils.go:314.2,314.14 1 8
github.com/steadybit/extension-container/e2e/utils.go:317.66,321.6 3 3
github.com/steadybit/extension-container/e2e/utils.go:321.6,322.10 1 3
github.com/steadybit/extension-container/e2e/utils.go:323.21,324.10 1 0
github.com/steadybit/extension-container/e2e/utils.go:325.45,325.45 0 3
github.com/steadybit/extension-container/e2e/utils.go:328.3,331.17 2 3
github.com/steadybit/extension-container/e2e/utils.go:331.17,333.4 1 0
github.com/steadybit/extension-container/e2e/utils.go:335.3,335.34 1 3
github.com/steadybit/extension-container/e2e/utils.go:335.34,336.108 1 3
github.com/steadybit/extension-container/e2e/utils.go:336.108,338.5 1 0
github.com/steadybit/extension-container/e2e/utils.go:339.4,339.45 1 3
github.com/steadybit/extension-container/e2e/utils.go:341.3,341.26 1 3
github.com/steadybit/extension-container/e2e/utils.go:341.26,342.9 1 3
github.com/steadybit/extension-container/e2e/utils.go:347.53,353.16 2 3
github.com/steadybit/extension-container/e2e/utils.go:353.16,355.3 1 0
github.com/steadybit/extension-container/e2e/utils.go:356.2,356.15 1 3
github.com/steadybit/extension-container/e2e/utils.go:356.15,356.37 1 3
github.com/steadybit/extension-container/e2e/utils.go:357.2,358.21 2 3
github.com/steadybit/extension-container/e2e/utils.go:358.21,360.3 1 1872
